[00:05:20] [ServerMain/INFO]: [bootstrap] Running Java 21 (OpenJDK 64-Bit Server VM 21.0.5+11-Ubuntu-1ubuntu120.04; Ubuntu null) on Linux 6.8.0-1021-azure (amd64)
[00:05:20] [ServerMain/INFO]: [bootstrap] Loading Paper 1.21-130-master@b1b5d4c (2024-08-10T10:02:42Z) for Minecraft 1.21
[00:05:20] [ServerMain/INFO]: [PluginInitializerManager] Initializing plugins...
[00:05:20] [ServerMain/INFO]: [PluginInitializerManager] Initialized 0 plugins
[00:05:26] [ServerMain/INFO]: Environment: Environment[sessionHost=https://sessionserver.mojang.com, servicesHost=https://api.minecraftservices.com, name=PROD]
[00:05:27] [ServerMain/INFO]: Loaded 1290 recipes
[00:05:28] [ServerMain/INFO]: Loaded 1399 advancements
[00:05:28] [Server thread/INFO]: Starting minecraft server version 1.21
[00:05:28] [Server thread/INFO]: Loading properties
[00:05:28] [Server thread/INFO]: This server is running Paper version 1.21-130-master@b1b5d4c (2024-08-10T10:02:42Z) (Implementing API version 1.21-R0.1-SNAPSHOT)
[00:05:29] [Server thread/INFO]: [spark] This server bundles the spark profiler. For more information please visit https://docs.papermc.io/paper/profiling
[00:05:29] [Server thread/INFO]: Server Ping Player Sample Count: 12
[00:05:29] [Server thread/INFO]: Using 4 threads for Netty based IO
[00:05:29] [Server thread/INFO]: [ChunkTaskScheduler] Chunk system is using 1 I/O threads, 1 worker threads, and population gen parallelism of 1 threads
[00:05:30] [Server thread/INFO]: Default game type: SURVIVAL
[00:05:30] [Server thread/INFO]: Generating keypair
[00:05:30] [Server thread/INFO]: Starting Minecraft server on *:25565
[00:05:30] [Server thread/INFO]: Using epoll channel type
[00:05:30] [Server thread/INFO]: Paper: Using libdeflate (Linux x86_64) compression from Velocity.
[00:05:30] [Server thread/INFO]: Paper: Using OpenSSL 1.1.x (Linux x86_64) cipher from Velocity.
[00:05:30] [Server thread/INFO]: Server permissions file permissions.yml is empty, ignoring it
[00:05:30] [Server thread/WARN]: **** SERVER IS RUNNING IN OFFLINE/INSECURE MODE!
[00:05:30] [Server thread/WARN]: The server will make no attempt to authenticate usernames. Beware.
[00:05:30] [Server thread/WARN]: While this makes the game possible to play without internet access, it also opens up the ability for hackers to connect with any username they choose.
[00:05:30] [Server thread/WARN]: To change this, set "online-mode" to "true" in the server.properties file.
[00:05:30] [Server thread/INFO]: Preparing level "world"
[00:05:30] [Server thread/INFO]: Preparing start region for dimension minecraft:overworld
[00:05:31] [Server thread/INFO]: Time elapsed: 1334 ms
[00:05:31] [Server thread/INFO]: Preparing start region for dimension minecraft:the_nether
[00:05:32] [Server thread/INFO]: Time elapsed: 170 ms
[00:05:32] [Server thread/INFO]: Preparing start region for dimension minecraft:the_end
[00:05:32] [Server thread/INFO]: Time elapsed: 115 ms
[00:05:32] [Server thread/INFO]: [spark] Starting background profiler...
[00:05:32] [Server thread/INFO]: Done preparing level "world" (2.388s)
[00:05:32] [Server thread/INFO]: Running delayed init tasks
[00:05:32] [Server thread/INFO]: Done (12.832s)! For help, type "help"
[00:05:32] [Server thread/INFO]: Timings Reset
[00:10:47] [User Authenticator #0/INFO]: UUID of player Slendy3021 is 1a41e3ca-4e5c-3719-9e87-b5be06f70b71
[00:10:49] [Server thread/INFO]: Slendy3021 joined the game
[00:10:49] [Server thread/INFO]: Slendy3021[/127.45.63.63:44319] logged in with entity id 24 at ([world]-4.5, 121.0, 3.5)
